<?xml version="1.0" encoding="UTF-8"?>
<!-- Generated by org.testng.reporters.JUnitReportReporter -->
<testsuite hostname="DESKTOP-6L02Q21" failures="0" tests="1" name="testscript.LoginTest" time="31.994" errors="0" timestamp="2025-06-18T20:30:47 IST" skipped="0">
  <testcase classname="testscript.LoginTest" name="correctUsernameAndIncorrectPassword" time="31.994"/>
</testsuite> <!-- testscript.LoginTest -->
