<?xml version="1.0" encoding="UTF-8"?>
<!-- Generated by org.testng.reporters.JUnitReportReporter -->
<testsuite hostname="DESKTOP-6L02Q21" failures="0" tests="1" name="testscript.Login" time="7.970" errors="0" timestamp="2025-06-08T10:28:43 IST" skipped="0">
  <testcase classname="testscript.Login" name="invalidUserName" time="7.970"/>
</testsuite> <!-- testscript.Login -->
