<?xml version="1.0" encoding="UTF-8"?>
<!-- Generated by org.testng.reporters.JUnitReportReporter -->
<testsuite hostname="DESKTOP-6L02Q21" failures="0" tests="1" name="testscript.ManageNewsTest" time="9.477" errors="0" timestamp="2025-06-11T07:48:37 IST" skipped="0">
  <testcase classname="testscript.ManageNewsTest" name="verifyTheUserIsAbleToEnterTheNews" time="9.477"/>
</testsuite> <!-- testscript.ManageNewsTest -->
